------------------------------------------------------------
Client connecting to 10.0.0.6, TCP port 5001
TCP window size: 85.3 KByte (default)
------------------------------------------------------------
[  3] local 10.0.0.1 port 54044 connected with 10.0.0.6 port 5001
[ ID] Interval       Transfer     Bandwidth
[  3]  0.0- 5.0 sec  66.8 MBytes   112 Mbits/sec
[  3]  5.0-10.0 sec  52.9 MBytes  88.7 Mbits/sec
[  3] 10.0-15.0 sec  52.8 MBytes  88.5 Mbits/sec
[  3] 15.0-20.0 sec  44.5 MBytes  74.7 Mbits/sec
[  3] 20.0-25.0 sec  42.2 MBytes  70.9 Mbits/sec
[  3] 25.0-30.0 sec  42.2 MBytes  70.9 Mbits/sec
[  3] 30.0-35.0 sec  47.1 MBytes  79.1 Mbits/sec
[  3] 35.0-40.0 sec  47.6 MBytes  79.9 Mbits/sec
[  3] 40.0-45.0 sec  37.0 MBytes  62.1 Mbits/sec
[  3] 45.0-50.0 sec  52.8 MBytes  88.5 Mbits/sec
[  3] 50.0-55.0 sec  48.2 MBytes  81.0 Mbits/sec
[  3] 55.0-60.0 sec  36.9 MBytes  61.9 Mbits/sec
[  3] 60.0-65.0 sec  47.6 MBytes  79.9 Mbits/sec
[  3] 65.0-70.0 sec  47.5 MBytes  79.7 Mbits/sec
[  3] 70.0-75.0 sec  37.0 MBytes  62.1 Mbits/sec
[  3] 75.0-80.0 sec  47.5 MBytes  79.7 Mbits/sec
[  3] 80.0-85.0 sec  52.8 MBytes  88.5 Mbits/sec
[  3] 85.0-90.0 sec  49.6 MBytes  83.3 Mbits/sec
[  3] 90.0-95.0 sec  47.5 MBytes  79.7 Mbits/sec
[  3] 95.0-100.0 sec  41.8 MBytes  70.0 Mbits/sec
[  3] 100.0-105.0 sec  42.2 MBytes  70.9 Mbits/sec
[  3] 105.0-110.0 sec  52.8 MBytes  88.5 Mbits/sec
[  3] 110.0-115.0 sec  52.8 MBytes  88.5 Mbits/sec
[  3] 115.0-120.0 sec  52.9 MBytes  88.7 Mbits/sec
[  3] 120.0-125.0 sec  52.8 MBytes  88.5 Mbits/sec
[  3]  0.0-129.8 sec  1.22 GBytes  80.8 Mbits/sec
