------------------------------------------------------------
Server listening on TCP port 5001
TCP window size: 85.3 KByte (default)
------------------------------------------------------------
[  4] local 10.0.0.6 port 5001 connected with 10.0.0.1 port 54044
[ ID] Interval       Transfer     Bandwidth
[  4]  0.0- 5.0 sec  53.8 MBytes  90.3 Mbits/sec
[  4]  5.0-10.0 sec  50.9 MBytes  85.4 Mbits/sec
[  4] 10.0-15.0 sec  53.3 MBytes  89.5 Mbits/sec
[  4] 15.0-20.0 sec  44.7 MBytes  74.9 Mbits/sec
[  4] 20.0-25.0 sec  44.7 MBytes  75.0 Mbits/sec
[  4] 25.0-30.0 sec  39.3 MBytes  66.0 Mbits/sec
[  4] 30.0-35.0 sec  47.4 MBytes  79.6 Mbits/sec
[  4] 35.0-40.0 sec  51.1 MBytes  85.8 Mbits/sec
[  4] 40.0-45.0 sec  37.4 MBytes  62.8 Mbits/sec
[  4] 45.0-50.0 sec  48.3 MBytes  81.1 Mbits/sec
[  4] 50.0-55.0 sec  51.6 MBytes  86.5 Mbits/sec
[  4] 55.0-60.0 sec  37.2 MBytes  62.4 Mbits/sec
[  4] 60.0-65.0 sec  47.2 MBytes  79.2 Mbits/sec
[  4] 65.0-70.0 sec  45.3 MBytes  76.0 Mbits/sec
[  4] 70.0-75.0 sec  37.7 MBytes  63.2 Mbits/sec
[  4] 75.0-80.0 sec  48.1 MBytes  80.6 Mbits/sec
[  4] 80.0-85.0 sec  52.0 MBytes  87.3 Mbits/sec
[  4] 85.0-90.0 sec  48.3 MBytes  81.1 Mbits/sec
[  4] 90.0-95.0 sec  47.1 MBytes  79.1 Mbits/sec
[  4] 95.0-100.0 sec  41.9 MBytes  70.3 Mbits/sec
[  4] 100.0-105.0 sec  46.9 MBytes  78.7 Mbits/sec
[  4] 105.0-110.0 sec  49.2 MBytes  82.6 Mbits/sec
[  4] 110.0-115.0 sec  51.2 MBytes  85.9 Mbits/sec
[  4] 115.0-120.0 sec  55.4 MBytes  92.9 Mbits/sec
[  4] 120.0-125.0 sec  55.6 MBytes  93.3 Mbits/sec
[  4] 125.0-130.0 sec  55.8 MBytes  93.7 Mbits/sec
[  4]  0.0-130.7 sec  1.22 GBytes  80.2 Mbits/sec
